<?xml version="1.0" encoding="UTF-8"?>
<testsuite xmlns:xsi="http://www.w3.org/2001/XMLSchema-instance" xsi:noNamespaceSchemaLocation="https://maven.apache.org/surefire/maven-surefire-plugin/xsd/surefire-test-report-3.0.xsd" version="3.0" name="com.schoolapp.attendance.controller.TeacherControllerTest" time="0.479" tests="17" errors="0" skipped="0" failures="0">
  <properties>
[...]
</properties>
  <testcase name="testGetTeachersByName" classname="com.schoolapp.attendance.controller.TeacherControllerTest" time="0.02">
    <system-out><![CDATA[2025-12-03T23:38:36.393+05:30  INFO 19024 --- [school-app] [           main] t.c.s.AnnotationConfigContextLoaderUtils : Could not detect default configuration classes for test class [com.schoolapp.attendance.controller.TeacherControllerTest]: TeacherControllerTest does not declare any static, non-private, non-final, nested classes annotated with @Configuration.
2025-12-03T23:38:36.400+05:30  INFO 19024 --- [school-app] [           main] .b.t.c.SpringBootTestContextBootstrapper : Found @SpringBootConfiguration com.schoolapp.attendance.AttendanceApplication for test class com.schoolapp.attendance.controller.TeacherControllerTest

  .   ____          _            __ _ _
 /\\ / ___'_ __ _ _(_)_ __  __ _ \ \ \ \
( ( )\___ | '_ | '_| | '_ \/ _` | \ \ \ \
 \\/  ___)| |_)| | | | | || (_| |  ) ) ) )
  '  |____| .__|_| |_|_| |_\__, | / / / /
 =========|_|==============|___/=/_/_/_/
 :: Spring Boot ::                (v3.2.0)

2025-12-03T23:38:36.413+05:30  INFO 19024 --- [school-app] [           main] c.s.a.controller.TeacherControllerTest   : Starting TeacherControllerTest using Java 21.0.1 with PID 19024 (started by theCoderFromHell in /Users/theCoderFromHell/Development/projects/school-app)
2025-12-03T23:38:36.414+05:30  INFO 19024 --- [school-app] [           main] c.s.a.controller.TeacherControllerTest   : No active profile set, falling back to 1 default profile: "default"
2025-12-03T23:38:36.488+05:30  INFO 19024 --- [school-app] [           main] .s.d.r.c.RepositoryConfigurationDelegate : Bootstrapping Spring Data JPA repositories in DEFAULT mode.
2025-12-03T23:38:36.494+05:30  INFO 19024 --- [school-app] [           main] .s.d.r.c.RepositoryConfigurationDelegate : Finished Spring Data repository scanning in 5 ms. Found 6 JPA repository interfaces.
2025-12-03T23:38:36.539+05:30  INFO 19024 --- [school-app] [           main] o.hibernate.jpa.internal.util.LogHelper  : HHH000204: Processing PersistenceUnitInfo [name: default]
2025-12-03T23:38:36.540+05:30  INFO 19024 --- [school-app] [           main] o.h.c.internal.RegionFactoryInitiator    : HHH000026: Second-level cache disabled
2025-12-03T23:38:36.541+05:30  INFO 19024 --- [school-app] [           main] o.s.o.j.p.SpringPersistenceUnitInfo      : No LoadTimeWeaver setup: ignoring JPA class transformer
2025-12-03T23:38:36.541+05:30  INFO 19024 --- [school-app] [           main] com.zaxxer.hikari.HikariDataSource       : HikariPool-2 - Starting...
2025-12-03T23:38:36.542+05:30  INFO 19024 --- [school-app] [           main] com.zaxxer.hikari.pool.HikariPool        : HikariPool-2 - Added connection conn57: url=jdbc:h2:mem:school-app-test user=SA
2025-12-03T23:38:36.542+05:30  INFO 19024 --- [school-app] [           main] com.zaxxer.hikari.HikariDataSource       : HikariPool-2 - Start completed.
2025-12-03T23:38:36.542+05:30  WARN 19024 --- [school-app] [           main] org.hibernate.orm.deprecation            : HHH90000025: H2Dialect does not need to be specified explicitly using 'hibernate.dialect' (remove the property setting and it will be selected by default)
2025-12-03T23:38:36.601+05:30  INFO 19024 --- [school-app] [           main] o.h.e.t.j.p.i.JtaPlatformInitiator       : HHH000489: No JTA platform available (set 'hibernate.transaction.jta.platform' to enable JTA platform integration)
2025-12-03T23:38:36.610+05:30  INFO 19024 --- [school-app] [           main] j.LocalContainerEntityManagerFactoryBean : Initialized JPA EntityManagerFactory for persistence unit 'default'
2025-12-03T23:38:36.678+05:30  WARN 19024 --- [school-app] [           main] JpaBaseConfiguration$JpaWebConfiguration : spring.jpa.open-in-view is enabled by default. Therefore, database queries may be performed during view rendering. Explicitly configure spring.jpa.open-in-view to disable this warning
2025-12-03T23:38:36.736+05:30  INFO 19024 --- [school-app] [           main] o.s.s.web.DefaultSecurityFilterChain     : Will secure any request with [org.springframework.security.web.session.DisableEncodeUrlFilter@18aa9b83, org.springframework.security.web.context.request.async.WebAsyncManagerIntegrationFilter@265b52b7, org.springframework.security.web.context.SecurityContextHolderFilter@623c62b9, org.springframework.security.web.header.HeaderWriterFilter@7f66d549, org.springframework.web.filter.CorsFilter@7e58471, org.springframework.security.web.authentication.logout.LogoutFilter@7acc95a2, org.springframework.security.web.savedrequest.RequestCacheAwareFilter@7af65b49, org.springframework.security.web.servletapi.SecurityContextHolderAwareRequestFilter@32e14e55, org.springframework.security.web.authentication.AnonymousAuthenticationFilter@22ce83d6, org.springframework.security.web.access.ExceptionTranslationFilter@73b77d07, org.springframework.security.web.access.intercept.AuthorizationFilter@5440942]
2025-12-03T23:38:36.737+05:30  INFO 19024 --- [school-app] [           main] o.s.s.web.DefaultSecurityFilterChain     : Will secure any request with [org.springframework.security.web.session.DisableEncodeUrlFilter@3dd6a612, org.springframework.security.web.context.request.async.WebAsyncManagerIntegrationFilter@41c6fd41, org.springframework.security.web.context.SecurityContextHolderFilter@41d9b9de, org.springframework.security.web.header.HeaderWriterFilter@63ff69e0, org.springframework.web.filter.CorsFilter@38071cdb, org.springframework.security.web.authentication.logout.LogoutFilter@baee849, org.springframework.security.web.savedrequest.RequestCacheAwareFilter@369bd5ca, org.springframework.security.web.servletapi.SecurityContextHolderAwareRequestFilter@1f1d7c52, org.springframework.security.web.authentication.AnonymousAuthenticationFilter@6d9f0836, org.springframework.security.web.access.ExceptionTranslationFilter@67e9d8cb, org.springframework.security.web.access.intercept.AuthorizationFilter@17f856a3]
2025-12-03T23:38:36.759+05:30  INFO 19024 --- [school-app] [           main] o.s.b.a.h2.H2ConsoleAutoConfiguration    : H2 console available at '/h2-console'. Database available at 'jdbc:h2:mem:school-app-test'
2025-12-03T23:38:36.772+05:30  INFO 19024 --- [school-app] [           main] o.s.b.t.m.w.SpringBootMockServletContext : Initializing Spring TestDispatcherServlet ''
2025-12-03T23:38:36.772+05:30  INFO 19024 --- [school-app] [           main] o.s.t.web.servlet.TestDispatcherServlet  : Initializing Servlet ''
2025-12-03T23:38:36.772+05:30  INFO 19024 --- [school-app] [           main] o.s.t.web.servlet.TestDispatcherServlet  : Completed initialization in 0 ms
2025-12-03T23:38:36.776+05:30  INFO 19024 --- [school-app] [           main] c.s.a.controller.TeacherControllerTest   : Started TeacherControllerTest in 0.374 seconds (process running for 3.206)
2025-12-03T23:38:36.785+05:30  WARN 19024 --- [school-app] [           main] o.s.w.s.h.HandlerMappingIntrospector     : Cache miss for REQUEST dispatch to '/api/teachers/name/Teacher%20G' (previous null). Performing CorsConfiguration lookup. This is logged once only at WARN level, and every time at TRACE.
]]></system-out>
  </testcase>
  <testcase name="testGetTeacherByEmployeeId" classname="com.schoolapp.attendance.controller.TeacherControllerTest" time="0.005"/>
  <testcase name="testCreateTeacher" classname="com.schoolapp.attendance.controller.TeacherControllerTest" time="0.005"/>
  <testcase name="testTeacherExists" classname="com.schoolapp.attendance.controller.TeacherControllerTest" time="0.005"/>
  <testcase name="testUpdateTeacher" classname="com.schoolapp.attendance.controller.TeacherControllerTest" time="0.005"/>
  <testcase name="testUpdateTeacherWithMultipleFields" classname="com.schoolapp.attendance.controller.TeacherControllerTest" time="0.005"/>
  <testcase name="testUpdateNonExistentTeacher" classname="com.schoolapp.attendance.controller.TeacherControllerTest" time="0.003"/>
  <testcase name="testTeacherDoesNotExist" classname="com.schoolapp.attendance.controller.TeacherControllerTest" time="0.003"/>
  <testcase name="testGetTeacherById" classname="com.schoolapp.attendance.controller.TeacherControllerTest" time="0.003"/>
  <testcase name="testCRUDOperations" classname="com.schoolapp.attendance.controller.TeacherControllerTest" time="0.01"/>
  <testcase name="testGetTeacherByIdNotFound" classname="com.schoolapp.attendance.controller.TeacherControllerTest" time="0.002"/>
  <testcase name="testDeleteTeacher" classname="com.schoolapp.attendance.controller.TeacherControllerTest" time="0.003"/>
  <testcase name="testGetAllTeachers" classname="com.schoolapp.attendance.controller.TeacherControllerTest" time="0.008"/>
  <testcase name="testCreateTeacherWithCompleteDetails" classname="com.schoolapp.attendance.controller.TeacherControllerTest" time="0.002"/>
  <testcase name="testGetTeacherCount" classname="com.schoolapp.attendance.controller.TeacherControllerTest" time="0.002"/>
  <testcase name="testDeleteNonExistentTeacher" classname="com.schoolapp.attendance.controller.TeacherControllerTest" time="0.002"/>
  <testcase name="testGetTeachersBySchool" classname="com.schoolapp.attendance.controller.TeacherControllerTest" time="0.004"/>
</testsuite>