<?xml version="1.0" encoding="UTF-8"?>
<testsuite xmlns:xsi="http://www.w3.org/2001/XMLSchema-instance" xsi:noNamespaceSchemaLocation="https://maven.apache.org/surefire/maven-surefire-plugin/xsd/surefire-test-report-3.0.xsd" version="3.0" name="com.schoolapp.attendance.repository.TeacherRepositoryTest" time="1.634" tests="14" errors="0" skipped="0" failures="0">
  <properties>
[...]
</properties>
  <testcase name="testTeacherWithQualificationAndSpecialization" classname="com.schoolapp.attendance.repository.TeacherRepositoryTest" time="0.281">
    <system-out><![CDATA[23:38:33.846 [main] INFO org.springframework.test.context.support.AnnotationConfigContextLoaderUtils -- Could not detect default configuration classes for test class [com.schoolapp.attendance.repository.TeacherRepositoryTest]: TeacherRepositoryTest does not declare any static, non-private, non-final, nested classes annotated with @Configuration.
23:38:33.891 [main] INFO org.springframework.boot.test.context.SpringBootTestContextBootstrapper -- Found @SpringBootConfiguration com.schoolapp.attendance.AttendanceApplication for test class com.schoolapp.attendance.repository.TeacherRepositoryTest

  .   ____          _            __ _ _
 /\\ / ___'_ __ _ _(_)_ __  __ _ \ \ \ \
( ( )\___ | '_ | '_| | '_ \/ _` | \ \ \ \
 \\/  ___)| |_)| | | | | || (_| |  ) ) ) )
  '  |____| .__|_| |_|_| |_\__, | / / / /
 =========|_|==============|___/=/_/_/_/
 :: Spring Boot ::                (v3.2.0)

2025-12-03T23:38:34.016+05:30  INFO 19024 --- [school-app] [           main] c.s.a.repository.TeacherRepositoryTest   : Starting TeacherRepositoryTest using Java 21.0.1 with PID 19024 (started by theCoderFromHell in /Users/theCoderFromHell/Development/projects/school-app)
2025-12-03T23:38:34.016+05:30  INFO 19024 --- [school-app] [           main] c.s.a.repository.TeacherRepositoryTest   : No active profile set, falling back to 1 default profile: "default"
2025-12-03T23:38:34.135+05:30  INFO 19024 --- [school-app] [           main] .s.d.r.c.RepositoryConfigurationDelegate : Bootstrapping Spring Data JPA repositories in DEFAULT mode.
2025-12-03T23:38:34.154+05:30  INFO 19024 --- [school-app] [           main] .s.d.r.c.RepositoryConfigurationDelegate : Finished Spring Data repository scanning in 17 ms. Found 6 JPA repository interfaces.
2025-12-03T23:38:34.173+05:30  INFO 19024 --- [school-app] [           main] beddedDataSourceBeanFactoryPostProcessor : Replacing 'dataSource' DataSource bean with embedded version
2025-12-03T23:38:34.220+05:30  INFO 19024 --- [school-app] [           main] o.s.j.d.e.EmbeddedDatabaseFactory        : Starting embedded database: url='jdbc:h2:mem:8c7d4794-ab89-4deb-aaeb-918327d4dea9;DB_CLOSE_DELAY=-1;DB_CLOSE_ON_EXIT=false', username='sa'
2025-12-03T23:38:34.311+05:30  INFO 19024 --- [school-app] [           main] o.hibernate.jpa.internal.util.LogHelper  : HHH000204: Processing PersistenceUnitInfo [name: default]
2025-12-03T23:38:34.333+05:30  INFO 19024 --- [school-app] [           main] org.hibernate.Version                    : HHH000412: Hibernate ORM core version 6.3.1.Final
2025-12-03T23:38:34.345+05:30  INFO 19024 --- [school-app] [           main] o.h.c.internal.RegionFactoryInitiator    : HHH000026: Second-level cache disabled
2025-12-03T23:38:34.427+05:30  INFO 19024 --- [school-app] [           main] o.s.o.j.p.SpringPersistenceUnitInfo      : No LoadTimeWeaver setup: ignoring JPA class transformer
2025-12-03T23:38:34.443+05:30  WARN 19024 --- [school-app] [           main] org.hibernate.orm.deprecation            : HHH90000025: H2Dialect does not need to be specified explicitly using 'hibernate.dialect' (remove the property setting and it will be selected by default)
2025-12-03T23:38:34.743+05:30  INFO 19024 --- [school-app] [           main] o.h.e.t.j.p.i.JtaPlatformInitiator       : HHH000489: No JTA platform available (set 'hibernate.transaction.jta.platform' to enable JTA platform integration)
Hibernate: drop table if exists attendance cascade 
Hibernate: drop table if exists class_section cascade 
Hibernate: drop table if exists school cascade 
Hibernate: drop table if exists school_class cascade 
Hibernate: drop table if exists student cascade 
Hibernate: drop table if exists teacher cascade 
Hibernate: create table attendance (date date, id bigint generated by default as identity, student_id bigint, status varchar(255) check (status in ('PRESENT','ABSENT','LATE')), primary key (id))
Hibernate: create table class_section (strength integer, id bigint generated by default as identity, school_class_id bigint not null, section_teacher_id bigint, section_name varchar(255) not null, primary key (id))
Hibernate: create table school (id bigint generated by default as identity, address varchar(255), email varchar(255), name varchar(255) not null unique, phone_number varchar(255), principal varchar(255), primary key (id))
Hibernate: create table school_class (capacity integer, class_teacher_id bigint, id bigint generated by default as identity, school_id bigint not null, class_name varchar(255) not null, primary key (id))
Hibernate: create table student (class_section_id bigint, id bigint generated by default as identity, address varchar(255), email varchar(255), name varchar(255), phone_number varchar(255), roll_number varchar(255) unique, primary key (id))
Hibernate: create table teacher (id bigint generated by default as identity, school_id bigint, address varchar(255), email varchar(255), employee_id varchar(255) not null unique, name varchar(255), phone_number varchar(255), qualification varchar(255), specialization varchar(255), primary key (id))
Hibernate: alter table if exists attendance add constraint FKnq6vm31it076obtjf2qp5coim foreign key (student_id) references student
Hibernate: alter table if exists class_section add constraint FKg8x25ole14ekml06styp3fgtn foreign key (school_class_id) references school_class
Hibernate: alter table if exists class_section add constraint FKh01y4rvlf4xcgcy05pmsycghq foreign key (section_teacher_id) references teacher
Hibernate: alter table if exists school_class add constraint FKsix1ftdv6ts6d7lvovt8bmdrq foreign key (class_teacher_id) references teacher
Hibernate: alter table if exists school_class add constraint FK2br5afl4106t79kv6m2bgwu8b foreign key (school_id) references school
Hibernate: alter table if exists student add constraint FKlqn3mpomqfsr1kksx040a82rg foreign key (class_section_id) references class_section
Hibernate: alter table if exists teacher add constraint FKrg46bnmgbcccayv14naymqg3r foreign key (school_id) references school
2025-12-03T23:38:34.766+05:30  INFO 19024 --- [school-app] [           main] j.LocalContainerEntityManagerFactoryBean : Initialized JPA EntityManagerFactory for persistence unit 'default'
2025-12-03T23:38:34.943+05:30  INFO 19024 --- [school-app] [           main] c.s.a.repository.TeacherRepositoryTest   : Started TeacherRepositoryTest in 1.024 seconds (process running for 1.372)
Hibernate: insert into school (address,email,name,phone_number,principal,id) values (?,?,?,?,?,default)
Hibernate: insert into teacher (address,email,employee_id,name,phone_number,qualification,school_id,specialization,id) values (?,?,?,?,?,?,?,?,default)
]]></system-out>
    <system-err><![CDATA[WARNING: A Java agent has been loaded dynamically (/Users/theCoderFromHell/.m2/repository/net/bytebuddy/byte-buddy-agent/1.14.10/byte-buddy-agent-1.14.10.jar)
WARNING: If a serviceability tool is in use, please run with -XX:+EnableDynamicAgentLoading to hide this warning
WARNING: If a serviceability tool is not in use, please run with -Djdk.instrument.traceUsage for more information
WARNING: Dynamic loading of agents will be disallowed by default in a future release
]]></system-err>
  </testcase>
  <testcase name="testTeacherWithCompleteDetails" classname="com.schoolapp.attendance.repository.TeacherRepositoryTest" time="0.007">
    <system-out><![CDATA[Hibernate: insert into school (address,email,name,phone_number,principal,id) values (?,?,?,?,?,default)
Hibernate: insert into teacher (address,email,employee_id,name,phone_number,qualification,school_id,specialization,id) values (?,?,?,?,?,?,?,?,default)
]]></system-out>
  </testcase>
  <testcase name="testFindTeacherById" classname="com.schoolapp.attendance.repository.TeacherRepositoryTest" time="0.006">
    <system-out><![CDATA[Hibernate: insert into school (address,email,name,phone_number,principal,id) values (?,?,?,?,?,default)
Hibernate: insert into teacher (address,email,employee_id,name,phone_number,qualification,school_id,specialization,id) values (?,?,?,?,?,?,?,?,default)
]]></system-out>
  </testcase>
  <testcase name="testSaveTeacher" classname="com.schoolapp.attendance.repository.TeacherRepositoryTest" time="0.007">
    <system-out><![CDATA[Hibernate: insert into school (address,email,name,phone_number,principal,id) values (?,?,?,?,?,default)
Hibernate: insert into teacher (address,email,employee_id,name,phone_number,qualification,school_id,specialization,id) values (?,?,?,?,?,?,?,?,default)
]]></system-out>
  </testcase>
  <testcase name="testMultipleTeachersInSameSchool" classname="com.schoolapp.attendance.repository.TeacherRepositoryTest" time="0.046">
    <system-out><![CDATA[Hibernate: insert into school (address,email,name,phone_number,principal,id) values (?,?,?,?,?,default)
Hibernate: insert into teacher (address,email,employee_id,name,phone_number,qualification,school_id,specialization,id) values (?,?,?,?,?,?,?,?,default)
Hibernate: insert into teacher (address,email,employee_id,name,phone_number,qualification,school_id,specialization,id) values (?,?,?,?,?,?,?,?,default)
Hibernate: insert into teacher (address,email,employee_id,name,phone_number,qualification,school_id,specialization,id) values (?,?,?,?,?,?,?,?,default)
Hibernate: select t1_0.id,t1_0.address,t1_0.email,t1_0.employee_id,t1_0.name,t1_0.phone_number,t1_0.qualification,t1_0.school_id,t1_0.specialization from teacher t1_0 where t1_0.school_id=?
]]></system-out>
  </testcase>
  <testcase name="testUpdateTeacher" classname="com.schoolapp.attendance.repository.TeacherRepositoryTest" time="0.003">
    <system-out><![CDATA[Hibernate: insert into school (address,email,name,phone_number,principal,id) values (?,?,?,?,?,default)
Hibernate: insert into teacher (address,email,employee_id,name,phone_number,qualification,school_id,specialization,id) values (?,?,?,?,?,?,?,?,default)
]]></system-out>
  </testcase>
  <testcase name="testFindTeachersByName" classname="com.schoolapp.attendance.repository.TeacherRepositoryTest" time="0.004">
    <system-out><![CDATA[Hibernate: insert into school (address,email,name,phone_number,principal,id) values (?,?,?,?,?,default)
Hibernate: insert into teacher (address,email,employee_id,name,phone_number,qualification,school_id,specialization,id) values (?,?,?,?,?,?,?,?,default)
Hibernate: insert into teacher (address,email,employee_id,name,phone_number,qualification,school_id,specialization,id) values (?,?,?,?,?,?,?,?,default)
Hibernate: select t1_0.id,t1_0.address,t1_0.email,t1_0.employee_id,t1_0.name,t1_0.phone_number,t1_0.qualification,t1_0.school_id,t1_0.specialization from teacher t1_0 where t1_0.name=?
]]></system-out>
  </testcase>
  <testcase name="testDeleteTeacher" classname="com.schoolapp.attendance.repository.TeacherRepositoryTest" time="0.003">
    <system-out><![CDATA[Hibernate: insert into school (address,email,name,phone_number,principal,id) values (?,?,?,?,?,default)
Hibernate: insert into teacher (address,email,employee_id,name,phone_number,qualification,school_id,specialization,id) values (?,?,?,?,?,?,?,?,default)
]]></system-out>
  </testcase>
  <testcase name="testFindTeacherByEmployeeId" classname="com.schoolapp.attendance.repository.TeacherRepositoryTest" time="0.003">
    <system-out><![CDATA[Hibernate: insert into school (address,email,name,phone_number,principal,id) values (?,?,?,?,?,default)
Hibernate: insert into teacher (address,email,employee_id,name,phone_number,qualification,school_id,specialization,id) values (?,?,?,?,?,?,?,?,default)
Hibernate: select t1_0.id,t1_0.address,t1_0.email,t1_0.employee_id,t1_0.name,t1_0.phone_number,t1_0.qualification,t1_0.school_id,t1_0.specialization from teacher t1_0 where t1_0.employee_id=?
]]></system-out>
  </testcase>
  <testcase name="testTeacherExistsById" classname="com.schoolapp.attendance.repository.TeacherRepositoryTest" time="0.087">
    <system-out><![CDATA[Hibernate: insert into school (address,email,name,phone_number,principal,id) values (?,?,?,?,?,default)
Hibernate: insert into teacher (address,email,employee_id,name,phone_number,qualification,school_id,specialization,id) values (?,?,?,?,?,?,?,?,default)
Hibernate: select count(*) from teacher t1_0 where t1_0.id=?
Hibernate: select count(*) from teacher t1_0 where t1_0.id=?
]]></system-out>
  </testcase>
  <testcase name="testFindTeachersBySchool" classname="com.schoolapp.attendance.repository.TeacherRepositoryTest" time="0.003">
    <system-out><![CDATA[Hibernate: insert into school (address,email,name,phone_number,principal,id) values (?,?,?,?,?,default)
Hibernate: insert into teacher (address,email,employee_id,name,phone_number,qualification,school_id,specialization,id) values (?,?,?,?,?,?,?,?,default)
Hibernate: insert into teacher (address,email,employee_id,name,phone_number,qualification,school_id,specialization,id) values (?,?,?,?,?,?,?,?,default)
Hibernate: select t1_0.id,t1_0.address,t1_0.email,t1_0.employee_id,t1_0.name,t1_0.phone_number,t1_0.qualification,t1_0.school_id,t1_0.specialization from teacher t1_0 where t1_0.school_id=?
]]></system-out>
  </testcase>
  <testcase name="testGetAllTeachers" classname="com.schoolapp.attendance.repository.TeacherRepositoryTest" time="0.004">
    <system-out><![CDATA[Hibernate: insert into school (address,email,name,phone_number,principal,id) values (?,?,?,?,?,default)
Hibernate: insert into teacher (address,email,employee_id,name,phone_number,qualification,school_id,specialization,id) values (?,?,?,?,?,?,?,?,default)
Hibernate: insert into teacher (address,email,employee_id,name,phone_number,qualification,school_id,specialization,id) values (?,?,?,?,?,?,?,?,default)
Hibernate: select t1_0.id,t1_0.address,t1_0.email,t1_0.employee_id,t1_0.name,t1_0.phone_number,t1_0.qualification,t1_0.school_id,t1_0.specialization from teacher t1_0
]]></system-out>
  </testcase>
  <testcase name="testTeacherWithUniqueEmployeeId" classname="com.schoolapp.attendance.repository.TeacherRepositoryTest" time="0.005">
    <system-out><![CDATA[Hibernate: insert into school (address,email,name,phone_number,principal,id) values (?,?,?,?,?,default)
Hibernate: insert into teacher (address,email,employee_id,name,phone_number,qualification,school_id,specialization,id) values (?,?,?,?,?,?,?,?,default)
Hibernate: insert into teacher (address,email,employee_id,name,phone_number,qualification,school_id,specialization,id) values (?,?,?,?,?,?,?,?,default)
2025-12-03T23:38:35.411+05:30  WARN 19024 --- [school-app] [           main] o.h.engine.jdbc.spi.SqlExceptionHelper   : SQL Error: 23505, SQLState: 23505
2025-12-03T23:38:35.411+05:30 ERROR 19024 --- [school-app] [           main] o.h.engine.jdbc.spi.SqlExceptionHelper   : Unique index or primary key violation: "PUBLIC.CONSTRAINT_INDEX_D ON PUBLIC.TEACHER(EMPLOYEE_ID NULLS FIRST) VALUES ( /* 18 */ 'T010' )"; SQL statement:
insert into teacher (address,email,employee_id,name,phone_number,qualification,school_id,specialization,id) values (?,?,?,?,?,?,?,?,default) [23505-224]
]]></system-out>
  </testcase>
  <testcase name="testGetTeacherCountBySchool" classname="com.schoolapp.attendance.repository.TeacherRepositoryTest" time="0.004">
    <system-out><![CDATA[Hibernate: insert into school (address,email,name,phone_number,principal,id) values (?,?,?,?,?,default)
Hibernate: insert into teacher (address,email,employee_id,name,phone_number,qualification,school_id,specialization,id) values (?,?,?,?,?,?,?,?,default)
Hibernate: insert into teacher (address,email,employee_id,name,phone_number,qualification,school_id,specialization,id) values (?,?,?,?,?,?,?,?,default)
Hibernate: select count(*) from teacher t1_0
]]></system-out>
  </testcase>
</testsuite>